<?xml version="1.0" encoding="UTF-8"?>
<!-- Generated by org.testng.reporters.JUnitXMLReporter -->
<testsuite ignored="0" hostname="DESKTOP-JCNP4KB" failures="1" tests="1" name="Test" time="88.289" errors="0" timestamp="2025-10-23T10:43:41 IST">
  <testcase classname="com.test.LoginTest" name="testValidLogin" time="82.522">
    <failure type="com.microsoft.playwright.TimeoutError" message="Error {
  message=&amp;apos;Timeout 30000ms exceeded.
  name=&amp;apos;TimeoutError
  stack=&amp;apos;TimeoutError: Timeout 30000ms exceeded.
    at ProgressController.run (C:\Users\dell\AppData\Local\Temp\playwright-java-15948696132315150054\package\lib\server\progress.js:65:26)
    at PageDispatcher._runCommand (C:\Users\dell\AppData\Local\Temp\playwright-java-15948696132315150054\package\lib\server\dispatchers\dispatcher.js:91:31)
    at DispatcherConnection.dispatch (C:\Users\dell\AppData\Local\Temp\playwright-java-15948696132315150054\package\lib\server\dispatchers\dispatcher.js:322:39)
}
Call log:
-   - taking page screenshot
-   - waiting for fonts to load...
-   - fonts loaded
">
      <![CDATA[com.microsoft.playwright.TimeoutError: Error {
  message='Timeout 30000ms exceeded.
  name='TimeoutError
  stack='TimeoutError: Timeout 30000ms exceeded.
    at ProgressController.run (C:\Users\dell\AppData\Local\Temp\playwright-java-15948696132315150054\package\lib\server\progress.js:65:26)
    at PageDispatcher._runCommand (C:\Users\dell\AppData\Local\Temp\playwright-java-15948696132315150054\package\lib\server\dispatchers\dispatcher.js:91:31)
    at DispatcherConnection.dispatch (C:\Users\dell\AppData\Local\Temp\playwright-java-15948696132315150054\package\lib\server\dispatchers\dispatcher.js:322:39)
}
Call log:
-   - taking page screenshot
-   - waiting for fonts to load...
-   - fonts loaded

at com.microsoft.playwright.impl.WaitableResult.get(WaitableResult.java:52)
at com.microsoft.playwright.impl.ChannelOwner.runUntil(ChannelOwner.java:138)
at com.microsoft.playwright.impl.Connection.sendMessage(Connection.java:131)
at com.microsoft.playwright.impl.ChannelOwner.sendMessage(ChannelOwner.java:124)
at com.microsoft.playwright.impl.PageImpl.screenshotImpl(PageImpl.java:1181)
at com.microsoft.playwright.impl.PageImpl.screenshot(PageImpl.java:1126)
at com.test.BaseTest.captureScreenshot(BaseTest.java:54)
at com.utilities.ExcelListener.onTestFailure(ExcelListener.java:25)
at java.base/java.util.ArrayList.forEach(ArrayList.java:1596)
Caused by: com.microsoft.playwright.TimeoutError: Error {
  message='Timeout 30000ms exceeded.
  name='TimeoutError
  stack='TimeoutError: Timeout 30000ms exceeded.
    at ProgressController.run (C:\Users\dell\AppData\Local\Temp\playwright-java-15948696132315150054\package\lib\server\progress.js:65:26)
    at PageDispatcher._runCommand (C:\Users\dell\AppData\Local\Temp\playwright-java-15948696132315150054\package\lib\server\dispatchers\dispatcher.js:91:31)
    at DispatcherConnection.dispatch (C:\Users\dell\AppData\Local\Temp\playwright-java-15948696132315150054\package\lib\server\dispatchers\dispatcher.js:322:39)
}
Call log:
-   - taking page screenshot
-   - waiting for fonts to load...
-   - fonts loaded

at com.microsoft.playwright.impl.Connection.dispatch(Connection.java:257)
at com.microsoft.playwright.impl.Connection.processOneMessage(Connection.java:214)
at com.microsoft.playwright.impl.ChannelOwner.runUntil(ChannelOwner.java:136)
... 31 more
... Removed 24 stack frames]]>
    </failure>
  </testcase> <!-- testValidLogin -->
</testsuite> <!-- Test -->
