<?xml version="1.0" encoding="UTF-8"?>
<!-- Generated by org.testng.reporters.JUnitXMLReporter -->
<testsuite ignored="0" hostname="DESKTOP-JCNP4KB" failures="1" tests="1" name="Test" time="49.462" errors="0" timestamp="2025-10-23T14:10:18 IST">
  <testcase classname="com.test.LoginTest" name="testValidLogin" time="36.608">
    <failure type="com.microsoft.playwright.TimeoutError" message="Error {
  message=&amp;apos;Timeout 30000ms exceeded.
  name=&amp;apos;TimeoutError
  stack=&amp;apos;TimeoutError: Timeout 30000ms exceeded.
    at ProgressController.run (C:\Users\dell\AppData\Local\Temp\playwright-java-9436068066618557728\package\lib\server\progress.js:65:26)
    at FrameDispatcher._runCommand (C:\Users\dell\AppData\Local\Temp\playwright-java-9436068066618557728\package\lib\server\dispatchers\dispatcher.js:91:31)
    at DispatcherConnection.dispatch (C:\Users\dell\AppData\Local\Temp\playwright-java-9436068066618557728\package\lib\server\dispatchers\dispatcher.js:322:39)
}
Call log:
-   - waiting for locator(&amp;quot;//div[@role=&amp;apos;listbox&amp;apos;]//span[contains(text(),&amp;apos;joker john selvam&amp;apos;)]&amp;quot;)
">
      <![CDATA[com.microsoft.playwright.TimeoutError: Error {
  message='Timeout 30000ms exceeded.
  name='TimeoutError
  stack='TimeoutError: Timeout 30000ms exceeded.
    at ProgressController.run (C:\Users\dell\AppData\Local\Temp\playwright-java-9436068066618557728\package\lib\server\progress.js:65:26)
    at FrameDispatcher._runCommand (C:\Users\dell\AppData\Local\Temp\playwright-java-9436068066618557728\package\lib\server\dispatchers\dispatcher.js:91:31)
    at DispatcherConnection.dispatch (C:\Users\dell\AppData\Local\Temp\playwright-java-9436068066618557728\package\lib\server\dispatchers\dispatcher.js:322:39)
}
Call log:
-   - waiting for locator("//div[@role='listbox']//span[contains(text(),'joker john selvam')]")

at com.microsoft.playwright.impl.WaitableResult.get(WaitableResult.java:52)
at com.microsoft.playwright.impl.ChannelOwner.runUntil(ChannelOwner.java:138)
at com.microsoft.playwright.impl.Connection.sendMessage(Connection.java:131)
at com.microsoft.playwright.impl.ChannelOwner.sendMessage(ChannelOwner.java:124)
at com.microsoft.playwright.impl.FrameImpl.clickImpl(FrameImpl.java:241)
at com.microsoft.playwright.impl.FrameImpl.click(FrameImpl.java:232)
at com.microsoft.playwright.impl.LocatorImpl.click(LocatorImpl.java:164)
at com.microsoft.playwright.Locator.click(Locator.java:2500)
at com.pages.Admin.fillUserDetails(Admin.java:49)
at com.pages.Admin.admininput(Admin.java:63)
at com.test.LoginTest.testValidLogin(LoginTest.java:27)
at java.base/java.util.ArrayList.forEach(ArrayList.java:1596)
Caused by: com.microsoft.playwright.TimeoutError: Error {
  message='Timeout 30000ms exceeded.
  name='TimeoutError
  stack='TimeoutError: Timeout 30000ms exceeded.
    at ProgressController.run (C:\Users\dell\AppData\Local\Temp\playwright-java-9436068066618557728\package\lib\server\progress.js:65:26)
    at FrameDispatcher._runCommand (C:\Users\dell\AppData\Local\Temp\playwright-java-9436068066618557728\package\lib\server\dispatchers\dispatcher.js:91:31)
    at DispatcherConnection.dispatch (C:\Users\dell\AppData\Local\Temp\playwright-java-9436068066618557728\package\lib\server\dispatchers\dispatcher.js:322:39)
}
Call log:
-   - waiting for locator("//div[@role='listbox']//span[contains(text(),'joker john selvam')]")

at com.microsoft.playwright.impl.Connection.dispatch(Connection.java:257)
at com.microsoft.playwright.impl.Connection.processOneMessage(Connection.java:214)
at com.microsoft.playwright.impl.ChannelOwner.runUntil(ChannelOwner.java:136)
... 35 more
... Removed 25 stack frames]]>
    </failure>
  </testcase> <!-- testValidLogin -->
</testsuite> <!-- Test -->
