<?xml version="1.0" encoding="UTF-8"?>
<testng-results ignored="0" total="1" passed="1" failed="0" skipped="0">
  <reporter-output>
  </reporter-output>
  <suite started-at="2025-10-22T16:30:20 IST" name="Suite" finished-at="2025-10-22T16:30:50 IST" duration-ms="30774">
    <groups>
    </groups>
    <test started-at="2025-10-22T16:30:20 IST" name="Test" finished-at="2025-10-22T16:30:50 IST" duration-ms="30774">
      <class name="com.test.LoginTest">
        <test-method is-config="true" signature="setUp(java.lang.String)[pri:0, instance:com.test.LoginTest@5e0826e7]" started-at="2025-10-22T16:30:20 IST" name="setUp" finished-at="2025-10-22T16:30:29 IST" duration-ms="9731" status="PASS">
          <params>
            <param index="0">
              <value>
                <![CDATA[chromium]]>
              </value>
            </param>
          </params>
          <reporter-output>
          </reporter-output>
        </test-method> <!-- setUp -->
        <test-method signature="testValidLogin()[pri:0, instance:com.test.LoginTest@5e0826e7]" started-at="2025-10-22T16:30:29 IST" name="testValidLogin" finished-at="2025-10-22T16:30:50 IST" duration-ms="20220" status="PASS">
          <reporter-output>
          </reporter-output>
        </test-method> <!-- testValidLogin -->
        <test-method is-config="true" signature="tearDown()[pri:0, instance:com.test.LoginTest@5e0826e7]" started-at="2025-10-22T16:30:50 IST" name="tearDown" finished-at="2025-10-22T16:30:50 IST" duration-ms="271" status="PASS">
          <reporter-output>
          </reporter-output>
        </test-method> <!-- tearDown -->
      </class> <!-- com.test.LoginTest -->
    </test> <!-- Test -->
  </suite> <!-- Suite -->
</testng-results>
