<?xml version="1.0" encoding="UTF-8"?>
<testng-results ignored="0" total="1" passed="1" failed="0" skipped="0">
  <reporter-output>
  </reporter-output>
  <suite started-at="2025-10-23T11:09:25 IST" name="Suite" finished-at="2025-10-23T11:09:57 IST" duration-ms="31574">
    <groups>
    </groups>
    <test started-at="2025-10-23T11:09:25 IST" name="Test" finished-at="2025-10-23T11:09:57 IST" duration-ms="31574">
      <class name="com.test.LoginTest">
        <test-method is-config="true" signature="setUp(java.lang.String)[pri:0, instance:com.test.LoginTest@24569dba]" started-at="2025-10-23T11:09:25 IST" name="setUp" finished-at="2025-10-23T11:09:37 IST" duration-ms="11698" status="PASS">
          <params>
            <param index="0">
              <value>
                <![CDATA[chromium]]>
              </value>
            </param>
          </params>
          <reporter-output>
          </reporter-output>
        </test-method> <!-- setUp -->
        <test-method signature="testValidLogin()[pri:0, instance:com.test.LoginTest@24569dba]" started-at="2025-10-23T11:09:37 IST" name="testValidLogin" finished-at="2025-10-23T11:09:56 IST" duration-ms="19030" status="PASS">
          <reporter-output>
          </reporter-output>
        </test-method> <!-- testValidLogin -->
        <test-method is-config="true" signature="tearDown()[pri:0, instance:com.test.LoginTest@24569dba]" started-at="2025-10-23T11:09:57 IST" name="tearDown" finished-at="2025-10-23T11:09:57 IST" duration-ms="252" status="PASS">
          <reporter-output>
          </reporter-output>
        </test-method> <!-- tearDown -->
      </class> <!-- com.test.LoginTest -->
    </test> <!-- Test -->
  </suite> <!-- Suite -->
</testng-results>
